<?xml version="1.0" encoding="UTF-8"?>
<testng-results ignored="1" total="4" passed="2" failed="1" skipped="0">
  <reporter-output>
  </reporter-output>
  <suite started-at="2025-09-13T15:52:06 EET" name="Default suite" finished-at="2025-09-13T15:52:12 EET" duration-ms="6104">
    <groups>
    </groups>
    <test started-at="2025-09-13T15:52:06 EET" name="Default test" finished-at="2025-09-13T15:52:12 EET" duration-ms="6104">
      <class name="swaglab.MyTestCases">
        <test-method is-config="true" signature="MySetup()[pri:0, instance:swaglab.MyTestCases@3a393455]" started-at="2025-09-13T15:52:06 EET" name="MySetup" finished-at="2025-09-13T15:52:07 EET" duration-ms="1218" status="PASS">
          <reporter-output>
          </reporter-output>
        </test-method> <!-- MySetup -->
        <test-method signature="LogInWithNormalUser()[pri:1, instance:swaglab.MyTestCases@3a393455]" started-at="2025-09-13T15:52:07 EET" name="LogInWithNormalUser" finished-at="2025-09-13T15:52:07 EET" duration-ms="555" status="PASS">
          <reporter-output>
          </reporter-output>
        </test-method> <!-- LogInWithNormalUser -->
        <test-method signature="AddRandomITem()[pri:2, instance:swaglab.MyTestCases@3a393455]" started-at="2025-09-13T15:52:07 EET" name="AddRandomITem" finished-at="2025-09-13T15:52:08 EET" duration-ms="305" status="PASS">
          <reporter-output>
          </reporter-output>
        </test-method> <!-- AddRandomITem -->
        <test-method signature="CheckoutProcess()[pri:3, instance:swaglab.MyTestCases@3a393455]" started-at="2025-09-13T15:52:08 EET" name="CheckoutProcess" finished-at="2025-09-13T15:52:12 EET" duration-ms="3856" status="FAIL">
          <exception class="org.openqa.selenium.NoSuchSessionException">
            <message>
              <![CDATA[invalid session id: session deleted as the browser has closed the connection
from disconnected: not connected to DevTools
  (Session info: MicrosoftEdge=140.0.3485.66)
Build info: version: '4.35.0', revision: '1c58e5028b'
System info: os.name: 'Windows 10', os.arch: 'amd64', os.version: '10.0', java.version: '21.0.8'
Driver info: org.openqa.selenium.edge.EdgeDriver
Command: [ce5fde09424f8462515c3524232f0886, refresh {}]
Capabilities {acceptInsecureCerts: false, browserName: MicrosoftEdge, browserVersion: 140.0.3485.66, fedcm:accounts: true, ms:edgeOptions: {debuggerAddress: localhost:50345}, msedge: {msedgedriverVersion: 140.0.3485.66 (bdccd021a49b..., userDataDir: C:\Users\WALEED~1\AppData\L...}, networkConnectionEnabled: false, pageLoadStrategy: normal, platformName: windows, proxy: Proxy(), se:cdp: ws://localhost:50345/devtoo..., se:cdpVersion: 140.0.3485.66, setWindowRect: true, strictFileInteractability: false, timeouts: {implicit: 0, pageLoad: 300000, script: 30000}, unhandledPromptBehavior: dismiss and notify, webauthn:extension:credBlob: true, webauthn:extension:largeBlob: true, webauthn:extension:minPinLength: true, webauthn:extension:prf: true, webauthn:virtualAuthenticators: true}
Session ID: ce5fde09424f8462515c3524232f0886]]>
            </message>
            <full-stacktrace>
              <![CDATA[org.openqa.selenium.NoSuchSessionException: invalid session id: session deleted as the browser has closed the connection
from disconnected: not connected to DevTools
  (Session info: MicrosoftEdge=140.0.3485.66)
Build info: version: '4.35.0', revision: '1c58e5028b'
System info: os.name: 'Windows 10', os.arch: 'amd64', os.version: '10.0', java.version: '21.0.8'
Driver info: org.openqa.selenium.edge.EdgeDriver
Command: [ce5fde09424f8462515c3524232f0886, refresh {}]
Capabilities {acceptInsecureCerts: false, browserName: MicrosoftEdge, browserVersion: 140.0.3485.66, fedcm:accounts: true, ms:edgeOptions: {debuggerAddress: localhost:50345}, msedge: {msedgedriverVersion: 140.0.3485.66 (bdccd021a49b..., userDataDir: C:\Users\WALEED~1\AppData\L...}, networkConnectionEnabled: false, pageLoadStrategy: normal, platformName: windows, proxy: Proxy(), se:cdp: ws://localhost:50345/devtoo..., se:cdpVersion: 140.0.3485.66, setWindowRect: true, strictFileInteractability: false, timeouts: {implicit: 0, pageLoad: 300000, script: 30000}, unhandledPromptBehavior: dismiss and notify, webauthn:extension:credBlob: true, webauthn:extension:largeBlob: true, webauthn:extension:minPinLength: true, webauthn:extension:prf: true, webauthn:virtualAuthenticators: true}
Session ID: ce5fde09424f8462515c3524232f0886
at java.base/jdk.internal.reflect.DirectConstructorHandleAccessor.newInstance(DirectConstructorHandleAccessor.java:62)
at java.base/java.lang.reflect.Constructor.newInstanceWithCaller(Constructor.java:502)
at java.base/java.lang.reflect.Constructor.newInstance(Constructor.java:486)
at org.openqa.selenium.remote.ErrorCodec.decode(ErrorCodec.java:167)
at org.openqa.selenium.remote.codec.w3c.W3CHttpResponseCodec.decode(W3CHttpResponseCodec.java:138)
at org.openqa.selenium.remote.codec.w3c.W3CHttpResponseCodec.decode(W3CHttpResponseCodec.java:50)
at org.openqa.selenium.remote.HttpCommandExecutor.execute(HttpCommandExecutor.java:215)
at org.openqa.selenium.remote.service.DriverCommandExecutor.invokeExecute(DriverCommandExecutor.java:216)
at org.openqa.selenium.remote.service.DriverCommandExecutor.execute(DriverCommandExecutor.java:174)
at org.openqa.selenium.remote.RemoteWebDriver.execute(RemoteWebDriver.java:557)
at org.openqa.selenium.remote.RemoteWebDriver.execute(RemoteWebDriver.java:630)
at org.openqa.selenium.remote.RemoteWebDriver.execute(RemoteWebDriver.java:634)
at org.openqa.selenium.remote.RemoteWebDriver$RemoteNavigation.refresh(RemoteWebDriver.java:1099)
at swaglab.MyTestCases.CheckoutProcess(MyTestCases.java:149)
at java.base/jdk.internal.reflect.DirectMethodHandleAccessor.invoke(DirectMethodHandleAccessor.java:103)
at java.base/java.lang.reflect.Method.invoke(Method.java:580)
at org.testng.internal.invokers.MethodInvocationHelper.invokeMethod(MethodInvocationHelper.java:141)
at org.testng.internal.invokers.TestInvoker.invokeMethod(TestInvoker.java:687)
at org.testng.internal.invokers.TestInvoker.invokeTestMethod(TestInvoker.java:230)
at org.testng.internal.invokers.MethodRunner.runInSequence(MethodRunner.java:63)
at org.testng.internal.invokers.TestInvoker$MethodInvocationAgent.invoke(TestInvoker.java:995)
at org.testng.internal.invokers.TestInvoker.invokeTestMethods(TestInvoker.java:203)
at org.testng.internal.invokers.TestMethodWorker.invokeTestMethods(TestMethodWorker.java:154)
at org.testng.internal.invokers.TestMethodWorker.run(TestMethodWorker.java:134)
at java.base/java.util.ArrayList.forEach(ArrayList.java:1596)
at org.testng.TestRunner.privateRun(TestRunner.java:741)
at org.testng.TestRunner.run(TestRunner.java:616)
at org.testng.SuiteRunner.runTest(SuiteRunner.java:421)
at org.testng.SuiteRunner.runSequentially(SuiteRunner.java:413)
at org.testng.SuiteRunner.privateRun(SuiteRunner.java:373)
at org.testng.SuiteRunner.run(SuiteRunner.java:312)
at org.testng.SuiteRunnerWorker.runSuite(SuiteRunnerWorker.java:52)
at org.testng.SuiteRunnerWorker.run(SuiteRunnerWorker.java:95)
at org.testng.TestNG.runSuitesSequentially(TestNG.java:1274)
at org.testng.TestNG.runSuitesLocally(TestNG.java:1208)
at org.testng.TestNG.runSuites(TestNG.java:1112)
at org.testng.TestNG.run(TestNG.java:1079)
at org.testng.remote.AbstractRemoteTestNG.run(AbstractRemoteTestNG.java:115)
at org.testng.remote.RemoteTestNG.initAndRun(RemoteTestNG.java:293)
at org.testng.remote.RemoteTestNG.main(RemoteTestNG.java:91)
]]>
            </full-stacktrace>
          </exception> <!-- org.openqa.selenium.NoSuchSessionException -->
          <reporter-output>
          </reporter-output>
        </test-method> <!-- CheckoutProcess -->
      </class> <!-- swaglab.MyTestCases -->
    </test> <!-- Default test -->
  </suite> <!-- Default suite -->
</testng-results>
